<?xml version="1.0" encoding="UTF-8"?>
<testng-results ignored="0" total="37" passed="34" failed="3" skipped="0">
  <reporter-output>
  </reporter-output>
  <suite started-at="2023-12-08T09:29:37 IST" name="OrangeHRM Application" finished-at="2023-12-08T09:30:07 IST" duration-ms="30056">
    <groups>
    </groups>
    <test started-at="2023-12-08T09:29:37 IST" name="Automating Browser" finished-at="2023-12-08T09:29:40 IST" duration-ms="2747">
      <class name="OHRM.BaseTest">
        <test-method is-config="true" signature="setup()[pri:0, instance:OHRM.BaseTest@be35cd9]" started-at="2023-12-08T09:29:37 IST" name="setup" finished-at="2023-12-08T09:29:40 IST" duration-ms="2608" status="PASS">
          <reporter-output>
          </reporter-output>
        </test-method> <!-- setup -->
        <test-method is-config="true" signature="teardown()[pri:0, instance:OHRM.BaseTest@be35cd9]" started-at="2023-12-08T09:29:40 IST" name="teardown" finished-at="2023-12-08T09:29:40 IST" duration-ms="132" status="PASS">
          <reporter-output>
          </reporter-output>
        </test-method> <!-- teardown -->
      </class> <!-- OHRM.BaseTest -->
    </test> <!-- Automating Browser -->
    <test started-at="2023-12-08T09:29:37 IST" name="LogInTest" finished-at="2023-12-08T09:29:56 IST" duration-ms="18528">
      <class name="OHRM.LogInPageOHRM">
        <test-method is-config="true" signature="setup()[pri:0, instance:OHRM.LogInPageOHRM@53fdffa1]" started-at="2023-12-08T09:29:37 IST" name="setup" finished-at="2023-12-08T09:29:40 IST" duration-ms="2667" status="PASS">
          <reporter-output>
          </reporter-output>
        </test-method> <!-- setup -->
        <test-method signature="LogInPanel()[pri:1, instance:OHRM.LogInPageOHRM@53fdffa1]" started-at="2023-12-08T09:29:40 IST" name="LogInPanel" description="Functionality of LogInPage" finished-at="2023-12-08T09:29:42 IST" duration-ms="2362" status="PASS">
          <reporter-output>
          </reporter-output>
        </test-method> <!-- LogInPanel -->
        <test-method signature="username()[pri:2, instance:OHRM.LogInPageOHRM@53fdffa1]" started-at="2023-12-08T09:29:42 IST" name="username" description="Giving Valid data of UserName And Password" finished-at="2023-12-08T09:29:45 IST" duration-ms="2545" status="PASS">
          <reporter-output>
          </reporter-output>
        </test-method> <!-- username -->
        <test-method signature="welComeAdmin()[pri:3, instance:OHRM.LogInPageOHRM@53fdffa1]" started-at="2023-12-08T09:29:45 IST" name="welComeAdmin" description="Validating the WelCome Admin page" finished-at="2023-12-08T09:29:46 IST" duration-ms="1749" status="PASS">
          <reporter-output>
          </reporter-output>
        </test-method> <!-- welComeAdmin -->
        <test-method is-config="true" signature="teardown()[pri:0, instance:OHRM.LogInPageOHRM@53fdffa1]" started-at="2023-12-08T09:29:46 IST" name="teardown" finished-at="2023-12-08T09:29:56 IST" duration-ms="9183" status="PASS">
          <reporter-output>
          </reporter-output>
        </test-method> <!-- teardown -->
      </class> <!-- OHRM.LogInPageOHRM -->
    </test> <!-- LogInTest -->
    <test started-at="2023-12-08T09:29:37 IST" name="Personal Details" finished-at="2023-12-08T09:29:56 IST" duration-ms="18886">
      <class name="OHRM.personalDetails">
        <test-method is-config="true" signature="setup()[pri:0, instance:OHRM.personalDetails@1a18644]" started-at="2023-12-08T09:29:37 IST" name="setup" finished-at="2023-12-08T09:29:40 IST" duration-ms="2501" status="PASS">
          <reporter-output>
          </reporter-output>
        </test-method> <!-- setup -->
        <test-method signature="LogInPanel()[pri:1, instance:OHRM.personalDetails@1a18644]" started-at="2023-12-08T09:29:40 IST" name="LogInPanel" description="Functionality of LogInPage" finished-at="2023-12-08T09:29:42 IST" duration-ms="2450" status="PASS">
          <reporter-output>
          </reporter-output>
        </test-method> <!-- LogInPanel -->
        <test-method signature="username()[pri:2, instance:OHRM.personalDetails@1a18644]" started-at="2023-12-08T09:29:42 IST" name="username" description="Giving Valid data of UserName And Password" finished-at="2023-12-08T09:29:45 IST" duration-ms="2659" status="PASS">
          <reporter-output>
          </reporter-output>
        </test-method> <!-- username -->
        <test-method signature="welComeAdmin()[pri:3, instance:OHRM.personalDetails@1a18644]" started-at="2023-12-08T09:29:45 IST" name="welComeAdmin" description="Validating the WelCome Admin page" finished-at="2023-12-08T09:29:47 IST" duration-ms="2097" status="PASS">
          <reporter-output>
          </reporter-output>
        </test-method> <!-- welComeAdmin -->
        <test-method signature="PIMMouseHover()[pri:4, instance:OHRM.personalDetails@1a18644]" started-at="2023-12-08T09:29:47 IST" name="PIMMouseHover" description="Operating the functionality of PIM" finished-at="2023-12-08T09:29:47 IST" duration-ms="317" status="PASS">
          <reporter-output>
          </reporter-output>
        </test-method> <!-- PIMMouseHover -->
        <test-method signature="AddEmployeeTextPageTest()[pri:5, instance:OHRM.personalDetails@1a18644]" started-at="2023-12-08T09:29:47 IST" name="AddEmployeeTextPageTest" description="AddEmployee click operation and validating AddEmployee Page Functionality" finished-at="2023-12-08T09:29:50 IST" duration-ms="2571" status="PASS">
          <reporter-output>
          </reporter-output>
        </test-method> <!-- AddEmployeeTextPageTest -->
        <test-method signature="UserData()[pri:6, instance:OHRM.personalDetails@1a18644]" started-at="2023-12-08T09:29:50 IST" name="UserData" description="Giving the User Data Information Functionality" finished-at="2023-12-08T09:29:51 IST" duration-ms="1293" status="PASS">
          <reporter-output>
          </reporter-output>
        </test-method> <!-- UserData -->
        <test-method signature="EmployeeID()[pri:7, instance:OHRM.personalDetails@1a18644]" started-at="2023-12-08T09:29:51 IST" name="EmployeeID" description="Getting the Employee ID by Default" finished-at="2023-12-08T09:29:51 IST" duration-ms="227" status="PASS">
          <reporter-output>
          </reporter-output>
        </test-method> <!-- EmployeeID -->
        <test-method signature="photo()[pri:8, instance:OHRM.personalDetails@1a18644]" started-at="2023-12-08T09:29:51 IST" name="photo" description="Validating the photography" finished-at="2023-12-08T09:29:55 IST" duration-ms="3873" status="PASS">
          <reporter-output>
          </reporter-output>
        </test-method> <!-- photo -->
        <test-method signature="PersonalDetailsTest()[pri:9, instance:OHRM.personalDetails@1a18644]" started-at="2023-12-08T09:29:55 IST" name="PersonalDetailsTest" description="Validating the Personal Details WebPAge" finished-at="2023-12-08T09:29:55 IST" duration-ms="34" status="FAIL">
          <exception class="org.openqa.selenium.NoSuchElementException">
            <message>
              <![CDATA[no such element: Unable to locate element: {"method":"xpath","selector":"/html/body/div[1]/div[3]/div/div[2]/div[1]/h1 "}
  (Session info: chrome=119.0.6045.200)
For documentation on this error, please visit: https://www.seleniumhq.org/exceptions/no_such_element.html
Build info: version: '3.141.59', revision: 'e82be7d358', time: '2018-11-14T08:25:53'
System info: host: 'LAPTOP-J0EGH49S', ip: '127.0.0.1', os.name: 'Windows 10', os.arch: 'amd64', os.version: '10.0', java.version: '16.0.2'
Driver info: org.openqa.selenium.chrome.ChromeDriver
Capabilities {acceptInsecureCerts: false, browserName: chrome, browserVersion: 119.0.6045.200, chrome: {chromedriverVersion: 119.0.6045.105 (38c72552c5e..., userDataDir: C:\Users\HP\AppData\Local\T...}, fedcm:accounts: true, goog:chromeOptions: {debuggerAddress: localhost:61175}, javascriptEnabled: true, networkConnectionEnabled: false, pageLoadStrategy: normal, platform: WINDOWS, platformName: WINDOWS, proxy: Proxy(), setWindowRect: true, strictFileInteractability: false, timeouts: {implicit: 0, pageLoad: 300000, script: 30000}, unhandledPromptBehavior: dismiss and notify, webauthn:extension:credBlob: true, webauthn:extension:largeBlob: true, webauthn:extension:minPinLength: true, webauthn:extension:prf: true, webauthn:virtualAuthenticators: true}
Session ID: 5b5eb4d52b159a5ae7080aa9251ab41a
*** Element info: {Using=xpath, value=/html/body/div[1]/div[3]/div/div[2]/div[1]/h1 }]]>
            </message>
            <full-stacktrace>
              <![CDATA[org.openqa.selenium.NoSuchElementException: no such element: Unable to locate element: {"method":"xpath","selector":"/html/body/div[1]/div[3]/div/div[2]/div[1]/h1 "}
  (Session info: chrome=119.0.6045.200)
For documentation on this error, please visit: https://www.seleniumhq.org/exceptions/no_such_element.html
Build info: version: '3.141.59', revision: 'e82be7d358', time: '2018-11-14T08:25:53'
System info: host: 'LAPTOP-J0EGH49S', ip: '127.0.0.1', os.name: 'Windows 10', os.arch: 'amd64', os.version: '10.0', java.version: '16.0.2'
Driver info: org.openqa.selenium.chrome.ChromeDriver
Capabilities {acceptInsecureCerts: false, browserName: chrome, browserVersion: 119.0.6045.200, chrome: {chromedriverVersion: 119.0.6045.105 (38c72552c5e..., userDataDir: C:\Users\HP\AppData\Local\T...}, fedcm:accounts: true, goog:chromeOptions: {debuggerAddress: localhost:61175}, javascriptEnabled: true, networkConnectionEnabled: false, pageLoadStrategy: normal, platform: WINDOWS, platformName: WINDOWS, proxy: Proxy(), setWindowRect: true, strictFileInteractability: false, timeouts: {implicit: 0, pageLoad: 300000, script: 30000}, unhandledPromptBehavior: dismiss and notify, webauthn:extension:credBlob: true, webauthn:extension:largeBlob: true, webauthn:extension:minPinLength: true, webauthn:extension:prf: true, webauthn:virtualAuthenticators: true}
Session ID: 5b5eb4d52b159a5ae7080aa9251ab41a
*** Element info: {Using=xpath, value=/html/body/div[1]/div[3]/div/div[2]/div[1]/h1 }
at java.base/jdk.internal.reflect.NativeConstructorAccessorImpl.newInstance0(Native Method)
at java.base/jdk.internal.reflect.NativeConstructorAccessorImpl.newInstance(NativeConstructorAccessorImpl.java:78)
at java.base/jdk.internal.reflect.DelegatingConstructorAccessorImpl.newInstance(DelegatingConstructorAccessorImpl.java:45)
at java.base/java.lang.reflect.Constructor.newInstanceWithCaller(Constructor.java:499)
at java.base/java.lang.reflect.Constructor.newInstance(Constructor.java:480)
at org.openqa.selenium.remote.http.W3CHttpResponseCodec.createException(W3CHttpResponseCodec.java:187)
at org.openqa.selenium.remote.http.W3CHttpResponseCodec.decode(W3CHttpResponseCodec.java:122)
at org.openqa.selenium.remote.http.W3CHttpResponseCodec.decode(W3CHttpResponseCodec.java:49)
at org.openqa.selenium.remote.HttpCommandExecutor.execute(HttpCommandExecutor.java:158)
at org.openqa.selenium.remote.service.DriverCommandExecutor.execute(DriverCommandExecutor.java:83)
at org.openqa.selenium.remote.RemoteWebDriver.execute(RemoteWebDriver.java:552)
at org.openqa.selenium.remote.RemoteWebDriver.findElement(RemoteWebDriver.java:323)
at org.openqa.selenium.remote.RemoteWebDriver.findElementByXPath(RemoteWebDriver.java:428)
at org.openqa.selenium.By$ByXPath.findElement(By.java:353)
at org.openqa.selenium.remote.RemoteWebDriver.findElement(RemoteWebDriver.java:315)
at OHRM.personalDetails.PersonalDetailsTest(personalDetails.java:20)
at java.base/jdk.internal.reflect.NativeMethodAccessorImpl.invoke0(Native Method)
at java.base/jdk.internal.reflect.NativeMethodAccessorImpl.invoke(NativeMethodAccessorImpl.java:78)
at java.base/jdk.internal.reflect.DelegatingMethodAccessorImpl.invoke(DelegatingMethodAccessorImpl.java:43)
at java.base/java.lang.reflect.Method.invoke(Method.java:567)
at org.testng.internal.MethodInvocationHelper.invokeMethod(MethodInvocationHelper.java:133)
at org.testng.internal.TestInvoker.invokeMethod(TestInvoker.java:598)
at org.testng.internal.TestInvoker.invokeTestMethod(TestInvoker.java:173)
at org.testng.internal.MethodRunner.runInSequence(MethodRunner.java:46)
at org.testng.internal.TestInvoker$MethodInvocationAgent.invoke(TestInvoker.java:824)
at org.testng.internal.TestInvoker.invokeTestMethods(TestInvoker.java:146)
at org.testng.internal.TestMethodWorker.invokeTestMethods(TestMethodWorker.java:146)
at org.testng.internal.TestMethodWorker.run(TestMethodWorker.java:128)
at java.base/java.util.ArrayList.forEach(ArrayList.java:1511)
at org.testng.TestRunner.privateRun(TestRunner.java:794)
at org.testng.TestRunner.run(TestRunner.java:596)
at org.testng.SuiteRunner.runTest(SuiteRunner.java:377)
at org.testng.SuiteRunner.access$000(SuiteRunner.java:28)
at org.testng.SuiteRunner$SuiteWorker.run(SuiteRunner.java:418)
at org.testng.internal.thread.ThreadUtil.lambda$execute$0(ThreadUtil.java:64)
at java.base/java.util.concurrent.FutureTask.run(FutureTask.java:264)
at java.base/java.util.concurrent.ThreadPoolExecutor.runWorker(ThreadPoolExecutor.java:1130)
at java.base/java.util.concurrent.ThreadPoolExecutor$Worker.run(ThreadPoolExecutor.java:630)
at java.base/java.lang.Thread.run(Thread.java:831)
]]>
            </full-stacktrace>
          </exception> <!-- org.openqa.selenium.NoSuchElementException -->
          <reporter-output>
          </reporter-output>
        </test-method> <!-- PersonalDetailsTest -->
        <test-method signature="NameValidation()[pri:10, instance:OHRM.personalDetails@1a18644]" started-at="2023-12-08T09:29:55 IST" name="NameValidation" description="Validating Name Functionality" finished-at="2023-12-08T09:29:55 IST" duration-ms="73" status="FAIL">
          <exception class="org.openqa.selenium.NoSuchElementException">
            <message>
              <![CDATA[no such element: Unable to locate element: {"method":"css selector","selector":"*[name='personal[txtEmpFirstName]']"}
  (Session info: chrome=119.0.6045.200)
For documentation on this error, please visit: https://www.seleniumhq.org/exceptions/no_such_element.html
Build info: version: '3.141.59', revision: 'e82be7d358', time: '2018-11-14T08:25:53'
System info: host: 'LAPTOP-J0EGH49S', ip: '127.0.0.1', os.name: 'Windows 10', os.arch: 'amd64', os.version: '10.0', java.version: '16.0.2'
Driver info: org.openqa.selenium.chrome.ChromeDriver
Capabilities {acceptInsecureCerts: false, browserName: chrome, browserVersion: 119.0.6045.200, chrome: {chromedriverVersion: 119.0.6045.105 (38c72552c5e..., userDataDir: C:\Users\HP\AppData\Local\T...}, fedcm:accounts: true, goog:chromeOptions: {debuggerAddress: localhost:61175}, javascriptEnabled: true, networkConnectionEnabled: false, pageLoadStrategy: normal, platform: WINDOWS, platformName: WINDOWS, proxy: Proxy(), setWindowRect: true, strictFileInteractability: false, timeouts: {implicit: 0, pageLoad: 300000, script: 30000}, unhandledPromptBehavior: dismiss and notify, webauthn:extension:credBlob: true, webauthn:extension:largeBlob: true, webauthn:extension:minPinLength: true, webauthn:extension:prf: true, webauthn:virtualAuthenticators: true}
Session ID: 5b5eb4d52b159a5ae7080aa9251ab41a
*** Element info: {Using=name, value=personal[txtEmpFirstName]}]]>
            </message>
            <full-stacktrace>
              <![CDATA[org.openqa.selenium.NoSuchElementException: no such element: Unable to locate element: {"method":"css selector","selector":"*[name='personal[txtEmpFirstName]']"}
  (Session info: chrome=119.0.6045.200)
For documentation on this error, please visit: https://www.seleniumhq.org/exceptions/no_such_element.html
Build info: version: '3.141.59', revision: 'e82be7d358', time: '2018-11-14T08:25:53'
System info: host: 'LAPTOP-J0EGH49S', ip: '127.0.0.1', os.name: 'Windows 10', os.arch: 'amd64', os.version: '10.0', java.version: '16.0.2'
Driver info: org.openqa.selenium.chrome.ChromeDriver
Capabilities {acceptInsecureCerts: false, browserName: chrome, browserVersion: 119.0.6045.200, chrome: {chromedriverVersion: 119.0.6045.105 (38c72552c5e..., userDataDir: C:\Users\HP\AppData\Local\T...}, fedcm:accounts: true, goog:chromeOptions: {debuggerAddress: localhost:61175}, javascriptEnabled: true, networkConnectionEnabled: false, pageLoadStrategy: normal, platform: WINDOWS, platformName: WINDOWS, proxy: Proxy(), setWindowRect: true, strictFileInteractability: false, timeouts: {implicit: 0, pageLoad: 300000, script: 30000}, unhandledPromptBehavior: dismiss and notify, webauthn:extension:credBlob: true, webauthn:extension:largeBlob: true, webauthn:extension:minPinLength: true, webauthn:extension:prf: true, webauthn:virtualAuthenticators: true}
Session ID: 5b5eb4d52b159a5ae7080aa9251ab41a
*** Element info: {Using=name, value=personal[txtEmpFirstName]}
at java.base/jdk.internal.reflect.NativeConstructorAccessorImpl.newInstance0(Native Method)
at java.base/jdk.internal.reflect.NativeConstructorAccessorImpl.newInstance(NativeConstructorAccessorImpl.java:78)
at java.base/jdk.internal.reflect.DelegatingConstructorAccessorImpl.newInstance(DelegatingConstructorAccessorImpl.java:45)
at java.base/java.lang.reflect.Constructor.newInstanceWithCaller(Constructor.java:499)
at java.base/java.lang.reflect.Constructor.newInstance(Constructor.java:480)
at org.openqa.selenium.remote.http.W3CHttpResponseCodec.createException(W3CHttpResponseCodec.java:187)
at org.openqa.selenium.remote.http.W3CHttpResponseCodec.decode(W3CHttpResponseCodec.java:122)
at org.openqa.selenium.remote.http.W3CHttpResponseCodec.decode(W3CHttpResponseCodec.java:49)
at org.openqa.selenium.remote.HttpCommandExecutor.execute(HttpCommandExecutor.java:158)
at org.openqa.selenium.remote.service.DriverCommandExecutor.execute(DriverCommandExecutor.java:83)
at org.openqa.selenium.remote.RemoteWebDriver.execute(RemoteWebDriver.java:552)
at org.openqa.selenium.remote.RemoteWebDriver.findElement(RemoteWebDriver.java:323)
at org.openqa.selenium.remote.RemoteWebDriver.findElementByName(RemoteWebDriver.java:404)
at org.openqa.selenium.By$ByName.findElement(By.java:284)
at org.openqa.selenium.remote.RemoteWebDriver.findElement(RemoteWebDriver.java:315)
at OHRM.personalDetails.NameValidation(personalDetails.java:51)
at java.base/jdk.internal.reflect.NativeMethodAccessorImpl.invoke0(Native Method)
at java.base/jdk.internal.reflect.NativeMethodAccessorImpl.invoke(NativeMethodAccessorImpl.java:78)
at java.base/jdk.internal.reflect.DelegatingMethodAccessorImpl.invoke(DelegatingMethodAccessorImpl.java:43)
at java.base/java.lang.reflect.Method.invoke(Method.java:567)
at org.testng.internal.MethodInvocationHelper.invokeMethod(MethodInvocationHelper.java:133)
at org.testng.internal.TestInvoker.invokeMethod(TestInvoker.java:598)
at org.testng.internal.TestInvoker.invokeTestMethod(TestInvoker.java:173)
at org.testng.internal.MethodRunner.runInSequence(MethodRunner.java:46)
at org.testng.internal.TestInvoker$MethodInvocationAgent.invoke(TestInvoker.java:824)
at org.testng.internal.TestInvoker.invokeTestMethods(TestInvoker.java:146)
at org.testng.internal.TestMethodWorker.invokeTestMethods(TestMethodWorker.java:146)
at org.testng.internal.TestMethodWorker.run(TestMethodWorker.java:128)
at java.base/java.util.ArrayList.forEach(ArrayList.java:1511)
at org.testng.TestRunner.privateRun(TestRunner.java:794)
at org.testng.TestRunner.run(TestRunner.java:596)
at org.testng.SuiteRunner.runTest(SuiteRunner.java:377)
at org.testng.SuiteRunner.access$000(SuiteRunner.java:28)
at org.testng.SuiteRunner$SuiteWorker.run(SuiteRunner.java:418)
at org.testng.internal.thread.ThreadUtil.lambda$execute$0(ThreadUtil.java:64)
at java.base/java.util.concurrent.FutureTask.run(FutureTask.java:264)
at java.base/java.util.concurrent.ThreadPoolExecutor.runWorker(ThreadPoolExecutor.java:1130)
at java.base/java.util.concurrent.ThreadPoolExecutor$Worker.run(ThreadPoolExecutor.java:630)
at java.base/java.lang.Thread.run(Thread.java:831)
]]>
            </full-stacktrace>
          </exception> <!-- org.openqa.selenium.NoSuchElementException -->
          <reporter-output>
          </reporter-output>
        </test-method> <!-- NameValidation -->
        <test-method signature="PhotoAboveName()[pri:11, instance:OHRM.personalDetails@1a18644]" started-at="2023-12-08T09:29:55 IST" name="PhotoAboveName" description="Identifying  the PhotoGraph above Name functionality" finished-at="2023-12-08T09:29:55 IST" duration-ms="19" status="FAIL">
          <exception class="org.openqa.selenium.NoSuchElementException">
            <message>
              <![CDATA[no such element: Unable to locate element: {"method":"xpath","selector":"/html/body/div[1]/div[3]/div/div[1]/div/h1"}
  (Session info: chrome=119.0.6045.200)
For documentation on this error, please visit: https://www.seleniumhq.org/exceptions/no_such_element.html
Build info: version: '3.141.59', revision: 'e82be7d358', time: '2018-11-14T08:25:53'
System info: host: 'LAPTOP-J0EGH49S', ip: '127.0.0.1', os.name: 'Windows 10', os.arch: 'amd64', os.version: '10.0', java.version: '16.0.2'
Driver info: org.openqa.selenium.chrome.ChromeDriver
Capabilities {acceptInsecureCerts: false, browserName: chrome, browserVersion: 119.0.6045.200, chrome: {chromedriverVersion: 119.0.6045.105 (38c72552c5e..., userDataDir: C:\Users\HP\AppData\Local\T...}, fedcm:accounts: true, goog:chromeOptions: {debuggerAddress: localhost:61175}, javascriptEnabled: true, networkConnectionEnabled: false, pageLoadStrategy: normal, platform: WINDOWS, platformName: WINDOWS, proxy: Proxy(), setWindowRect: true, strictFileInteractability: false, timeouts: {implicit: 0, pageLoad: 300000, script: 30000}, unhandledPromptBehavior: dismiss and notify, webauthn:extension:credBlob: true, webauthn:extension:largeBlob: true, webauthn:extension:minPinLength: true, webauthn:extension:prf: true, webauthn:virtualAuthenticators: true}
Session ID: 5b5eb4d52b159a5ae7080aa9251ab41a
*** Element info: {Using=xpath, value=/html/body/div[1]/div[3]/div/div[1]/div/h1}]]>
            </message>
            <full-stacktrace>
              <![CDATA[org.openqa.selenium.NoSuchElementException: no such element: Unable to locate element: {"method":"xpath","selector":"/html/body/div[1]/div[3]/div/div[1]/div/h1"}
  (Session info: chrome=119.0.6045.200)
For documentation on this error, please visit: https://www.seleniumhq.org/exceptions/no_such_element.html
Build info: version: '3.141.59', revision: 'e82be7d358', time: '2018-11-14T08:25:53'
System info: host: 'LAPTOP-J0EGH49S', ip: '127.0.0.1', os.name: 'Windows 10', os.arch: 'amd64', os.version: '10.0', java.version: '16.0.2'
Driver info: org.openqa.selenium.chrome.ChromeDriver
Capabilities {acceptInsecureCerts: false, browserName: chrome, browserVersion: 119.0.6045.200, chrome: {chromedriverVersion: 119.0.6045.105 (38c72552c5e..., userDataDir: C:\Users\HP\AppData\Local\T...}, fedcm:accounts: true, goog:chromeOptions: {debuggerAddress: localhost:61175}, javascriptEnabled: true, networkConnectionEnabled: false, pageLoadStrategy: normal, platform: WINDOWS, platformName: WINDOWS, proxy: Proxy(), setWindowRect: true, strictFileInteractability: false, timeouts: {implicit: 0, pageLoad: 300000, script: 30000}, unhandledPromptBehavior: dismiss and notify, webauthn:extension:credBlob: true, webauthn:extension:largeBlob: true, webauthn:extension:minPinLength: true, webauthn:extension:prf: true, webauthn:virtualAuthenticators: true}
Session ID: 5b5eb4d52b159a5ae7080aa9251ab41a
*** Element info: {Using=xpath, value=/html/body/div[1]/div[3]/div/div[1]/div/h1}
at java.base/jdk.internal.reflect.NativeConstructorAccessorImpl.newInstance0(Native Method)
at java.base/jdk.internal.reflect.NativeConstructorAccessorImpl.newInstance(NativeConstructorAccessorImpl.java:78)
at java.base/jdk.internal.reflect.DelegatingConstructorAccessorImpl.newInstance(DelegatingConstructorAccessorImpl.java:45)
at java.base/java.lang.reflect.Constructor.newInstanceWithCaller(Constructor.java:499)
at java.base/java.lang.reflect.Constructor.newInstance(Constructor.java:480)
at org.openqa.selenium.remote.http.W3CHttpResponseCodec.createException(W3CHttpResponseCodec.java:187)
at org.openqa.selenium.remote.http.W3CHttpResponseCodec.decode(W3CHttpResponseCodec.java:122)
at org.openqa.selenium.remote.http.W3CHttpResponseCodec.decode(W3CHttpResponseCodec.java:49)
at org.openqa.selenium.remote.HttpCommandExecutor.execute(HttpCommandExecutor.java:158)
at org.openqa.selenium.remote.service.DriverCommandExecutor.execute(DriverCommandExecutor.java:83)
at org.openqa.selenium.remote.RemoteWebDriver.execute(RemoteWebDriver.java:552)
at org.openqa.selenium.remote.RemoteWebDriver.findElement(RemoteWebDriver.java:323)
at org.openqa.selenium.remote.RemoteWebDriver.findElementByXPath(RemoteWebDriver.java:428)
at org.openqa.selenium.By$ByXPath.findElement(By.java:353)
at org.openqa.selenium.remote.RemoteWebDriver.findElement(RemoteWebDriver.java:315)
at OHRM.personalDetails.PhotoAboveName(personalDetails.java:140)
at java.base/jdk.internal.reflect.NativeMethodAccessorImpl.invoke0(Native Method)
at java.base/jdk.internal.reflect.NativeMethodAccessorImpl.invoke(NativeMethodAccessorImpl.java:78)
at java.base/jdk.internal.reflect.DelegatingMethodAccessorImpl.invoke(DelegatingMethodAccessorImpl.java:43)
at java.base/java.lang.reflect.Method.invoke(Method.java:567)
at org.testng.internal.MethodInvocationHelper.invokeMethod(MethodInvocationHelper.java:133)
at org.testng.internal.TestInvoker.invokeMethod(TestInvoker.java:598)
at org.testng.internal.TestInvoker.invokeTestMethod(TestInvoker.java:173)
at org.testng.internal.MethodRunner.runInSequence(MethodRunner.java:46)
at org.testng.internal.TestInvoker$MethodInvocationAgent.invoke(TestInvoker.java:824)
at org.testng.internal.TestInvoker.invokeTestMethods(TestInvoker.java:146)
at org.testng.internal.TestMethodWorker.invokeTestMethods(TestMethodWorker.java:146)
at org.testng.internal.TestMethodWorker.run(TestMethodWorker.java:128)
at java.base/java.util.ArrayList.forEach(ArrayList.java:1511)
at org.testng.TestRunner.privateRun(TestRunner.java:794)
at org.testng.TestRunner.run(TestRunner.java:596)
at org.testng.SuiteRunner.runTest(SuiteRunner.java:377)
at org.testng.SuiteRunner.access$000(SuiteRunner.java:28)
at org.testng.SuiteRunner$SuiteWorker.run(SuiteRunner.java:418)
at org.testng.internal.thread.ThreadUtil.lambda$execute$0(ThreadUtil.java:64)
at java.base/java.util.concurrent.FutureTask.run(FutureTask.java:264)
at java.base/java.util.concurrent.ThreadPoolExecutor.runWorker(ThreadPoolExecutor.java:1130)
at java.base/java.util.concurrent.ThreadPoolExecutor$Worker.run(ThreadPoolExecutor.java:630)
at java.base/java.lang.Thread.run(Thread.java:831)
]]>
            </full-stacktrace>
          </exception> <!-- org.openqa.selenium.NoSuchElementException -->
          <reporter-output>
          </reporter-output>
        </test-method> <!-- PhotoAboveName -->
        <test-method is-config="true" signature="teardown()[pri:0, instance:OHRM.personalDetails@1a18644]" started-at="2023-12-08T09:29:55 IST" name="teardown" finished-at="2023-12-08T09:29:56 IST" duration-ms="626" status="PASS">
          <reporter-output>
          </reporter-output>
        </test-method> <!-- teardown -->
      </class> <!-- OHRM.personalDetails -->
    </test> <!-- Personal Details -->
    <test started-at="2023-12-08T09:29:37 IST" name="AddEmployee" finished-at="2023-12-08T09:29:56 IST" duration-ms="19184">
      <class name="OHRM.AddEmployee">
        <test-method is-config="true" signature="setup()[pri:0, instance:OHRM.AddEmployee@22ef9844]" started-at="2023-12-08T09:29:37 IST" name="setup" finished-at="2023-12-08T09:29:40 IST" duration-ms="2711" status="PASS">
          <reporter-output>
          </reporter-output>
        </test-method> <!-- setup -->
        <test-method signature="LogInPanel()[pri:1, instance:OHRM.AddEmployee@22ef9844]" started-at="2023-12-08T09:29:40 IST" name="LogInPanel" description="Functionality of LogInPage" finished-at="2023-12-08T09:29:42 IST" duration-ms="2310" status="PASS">
          <reporter-output>
          </reporter-output>
        </test-method> <!-- LogInPanel -->
        <test-method signature="username()[pri:2, instance:OHRM.AddEmployee@22ef9844]" started-at="2023-12-08T09:29:42 IST" name="username" description="Giving Valid data of UserName And Password" finished-at="2023-12-08T09:29:45 IST" duration-ms="2790" status="PASS">
          <reporter-output>
          </reporter-output>
        </test-method> <!-- username -->
        <test-method signature="welComeAdmin()[pri:3, instance:OHRM.AddEmployee@22ef9844]" started-at="2023-12-08T09:29:45 IST" name="welComeAdmin" description="Validating the WelCome Admin page" finished-at="2023-12-08T09:29:46 IST" duration-ms="1376" status="PASS">
          <reporter-output>
          </reporter-output>
        </test-method> <!-- welComeAdmin -->
        <test-method signature="PIMMouseHover()[pri:4, instance:OHRM.AddEmployee@22ef9844]" started-at="2023-12-08T09:29:46 IST" name="PIMMouseHover" description="Operating the functionality of PIM" finished-at="2023-12-08T09:29:47 IST" duration-ms="748" status="PASS">
          <reporter-output>
          </reporter-output>
        </test-method> <!-- PIMMouseHover -->
        <test-method signature="AddEmployeeTextPageTest()[pri:5, instance:OHRM.AddEmployee@22ef9844]" started-at="2023-12-08T09:29:47 IST" name="AddEmployeeTextPageTest" description="AddEmployee click operation and validating AddEmployee Page Functionality" finished-at="2023-12-08T09:29:51 IST" duration-ms="4093" status="PASS">
          <reporter-output>
          </reporter-output>
        </test-method> <!-- AddEmployeeTextPageTest -->
        <test-method signature="UserData()[pri:6, instance:OHRM.AddEmployee@22ef9844]" started-at="2023-12-08T09:29:51 IST" name="UserData" description="Giving the User Data Information Functionality" finished-at="2023-12-08T09:29:53 IST" duration-ms="1387" status="PASS">
          <reporter-output>
          </reporter-output>
        </test-method> <!-- UserData -->
        <test-method signature="EmployeeID()[pri:7, instance:OHRM.AddEmployee@22ef9844]" started-at="2023-12-08T09:29:53 IST" name="EmployeeID" description="Getting the Employee ID by Default" finished-at="2023-12-08T09:29:53 IST" duration-ms="228" status="PASS">
          <reporter-output>
          </reporter-output>
        </test-method> <!-- EmployeeID -->
        <test-method signature="photo()[pri:8, instance:OHRM.AddEmployee@22ef9844]" started-at="2023-12-08T09:29:53 IST" name="photo" description="Validating the photography" finished-at="2023-12-08T09:29:55 IST" duration-ms="2036" status="PASS">
          <reporter-output>
          </reporter-output>
        </test-method> <!-- photo -->
        <test-method is-config="true" signature="teardown()[pri:0, instance:OHRM.AddEmployee@22ef9844]" started-at="2023-12-08T09:29:55 IST" name="teardown" finished-at="2023-12-08T09:29:56 IST" duration-ms="1451" status="PASS">
          <reporter-output>
          </reporter-output>
        </test-method> <!-- teardown -->
      </class> <!-- OHRM.AddEmployee -->
    </test> <!-- AddEmployee -->
    <test started-at="2023-12-08T09:29:37 IST" name="Employeelist" finished-at="2023-12-08T09:30:07 IST" duration-ms="30055">
      <class name="OHRM.EmployeeListTest">
        <test-method is-config="true" signature="setup()[pri:0, instance:OHRM.EmployeeListTest@618425b5]" started-at="2023-12-08T09:29:37 IST" name="setup" finished-at="2023-12-08T09:29:40 IST" duration-ms="2667" status="PASS">
          <reporter-output>
          </reporter-output>
        </test-method> <!-- setup -->
        <test-method signature="LogInPanel()[pri:1, instance:OHRM.EmployeeListTest@618425b5]" started-at="2023-12-08T09:29:40 IST" name="LogInPanel" description="Functionality of LogInPage" finished-at="2023-12-08T09:29:42 IST" duration-ms="2359" status="PASS">
          <reporter-output>
          </reporter-output>
        </test-method> <!-- LogInPanel -->
        <test-method signature="username()[pri:2, instance:OHRM.EmployeeListTest@618425b5]" started-at="2023-12-08T09:29:42 IST" name="username" description="Giving Valid data of UserName And Password" finished-at="2023-12-08T09:29:45 IST" duration-ms="2590" status="PASS">
          <reporter-output>
          </reporter-output>
        </test-method> <!-- username -->
        <test-method signature="welComeAdmin()[pri:3, instance:OHRM.EmployeeListTest@618425b5]" started-at="2023-12-08T09:29:45 IST" name="welComeAdmin" description="Validating the WelCome Admin page" finished-at="2023-12-08T09:29:46 IST" duration-ms="907" status="PASS">
          <reporter-output>
          </reporter-output>
        </test-method> <!-- welComeAdmin -->
        <test-method signature="PIMMouseHover()[pri:4, instance:OHRM.EmployeeListTest@618425b5]" started-at="2023-12-08T09:29:46 IST" name="PIMMouseHover" description="Operating the functionality of PIM" finished-at="2023-12-08T09:29:46 IST" duration-ms="818" status="PASS">
          <reporter-output>
          </reporter-output>
        </test-method> <!-- PIMMouseHover -->
        <test-method signature="AddEmployeeTextPageTest()[pri:5, instance:OHRM.EmployeeListTest@618425b5]" started-at="2023-12-08T09:29:46 IST" name="AddEmployeeTextPageTest" description="AddEmployee click operation and validating AddEmployee Page Functionality" finished-at="2023-12-08T09:29:49 IST" duration-ms="2906" status="PASS">
          <reporter-output>
          </reporter-output>
        </test-method> <!-- AddEmployeeTextPageTest -->
        <test-method signature="UserData()[pri:6, instance:OHRM.EmployeeListTest@618425b5]" started-at="2023-12-08T09:29:49 IST" name="UserData" description="Giving the User Data Information Functionality" finished-at="2023-12-08T09:29:50 IST" duration-ms="1030" status="PASS">
          <reporter-output>
          </reporter-output>
        </test-method> <!-- UserData -->
        <test-method signature="EmployeeID()[pri:7, instance:OHRM.EmployeeListTest@618425b5]" started-at="2023-12-08T09:29:50 IST" name="EmployeeID" description="Getting the Employee ID by Default" finished-at="2023-12-08T09:29:51 IST" duration-ms="748" status="PASS">
          <reporter-output>
          </reporter-output>
        </test-method> <!-- EmployeeID -->
        <test-method signature="photo()[pri:8, instance:OHRM.EmployeeListTest@618425b5]" started-at="2023-12-08T09:29:51 IST" name="photo" description="Validating the photography" finished-at="2023-12-08T09:29:56 IST" duration-ms="4438" status="PASS">
          <reporter-output>
          </reporter-output>
        </test-method> <!-- photo -->
        <test-method signature="PersonalDetailsTest()[pri:9, instance:OHRM.EmployeeListTest@618425b5]" started-at="2023-12-08T09:29:56 IST" name="PersonalDetailsTest" description="Validating the Personal Details WebPAge" finished-at="2023-12-08T09:29:56 IST" duration-ms="383" status="PASS">
          <reporter-output>
          </reporter-output>
        </test-method> <!-- PersonalDetailsTest -->
        <test-method signature="NameValidation()[pri:10, instance:OHRM.EmployeeListTest@618425b5]" started-at="2023-12-08T09:29:56 IST" name="NameValidation" description="Validating Name Functionality" finished-at="2023-12-08T09:29:57 IST" duration-ms="1049" status="PASS">
          <reporter-output>
          </reporter-output>
        </test-method> <!-- NameValidation -->
        <test-method signature="PhotoAboveName()[pri:11, instance:OHRM.EmployeeListTest@618425b5]" started-at="2023-12-08T09:29:57 IST" name="PhotoAboveName" description="Identifying  the PhotoGraph above Name functionality" finished-at="2023-12-08T09:29:57 IST" duration-ms="224" status="PASS">
          <reporter-output>
          </reporter-output>
        </test-method> <!-- PhotoAboveName -->
        <test-method signature="EmployeeList()[pri:12, instance:OHRM.EmployeeListTest@618425b5]" started-at="2023-12-08T09:29:57 IST" name="EmployeeList" description="EmployeeListPage" finished-at="2023-12-08T09:29:58 IST" duration-ms="665" status="PASS">
          <reporter-output>
          </reporter-output>
        </test-method> <!-- EmployeeList -->
        <test-method signature="EmployeeListTable()[pri:13, instance:OHRM.EmployeeListTest@618425b5]" started-at="2023-12-08T09:29:58 IST" name="EmployeeListTable" description="EmployeeList table" finished-at="2023-12-08T09:30:03 IST" duration-ms="5416" status="PASS">
          <reporter-output>
          </reporter-output>
        </test-method> <!-- EmployeeListTable -->
        <test-method signature="Logout()[pri:14, instance:OHRM.EmployeeListTest@618425b5]" started-at="2023-12-08T09:30:03 IST" name="Logout" description="LogOut Functionality" finished-at="2023-12-08T09:30:07 IST" duration-ms="3531" status="PASS">
          <reporter-output>
          </reporter-output>
        </test-method> <!-- Logout -->
        <test-method signature="LogInPage()[pri:15, instance:OHRM.EmployeeListTest@618425b5]" started-at="2023-12-08T09:30:07 IST" name="LogInPage" description="LogIn Page Validation" finished-at="2023-12-08T09:30:07 IST" duration-ms="105" status="PASS">
          <reporter-output>
          </reporter-output>
        </test-method> <!-- LogInPage -->
        <test-method is-config="true" signature="teardown()[pri:0, instance:OHRM.EmployeeListTest@618425b5]" started-at="2023-12-08T09:30:07 IST" name="teardown" finished-at="2023-12-08T09:30:07 IST" duration-ms="167" status="PASS">
          <reporter-output>
          </reporter-output>
        </test-method> <!-- teardown -->
      </class> <!-- OHRM.EmployeeListTest -->
    </test> <!-- Employeelist -->
  </suite> <!-- OrangeHRM Application -->
</testng-results>
